<?xml version="1.0" encoding="UTF-8"?>
<!-- Generated by org.testng.reporters.JUnitReportReporter -->
<testsuite hostname="DESKTOP-9HJJ0FE" failures="0" tests="1" name="Gmail.GmailLoginTestNG" time="152.369" errors="0" timestamp="05 Jun 2024 09:11:14 GMT" skipped="0">
  <testcase classname="Gmail.GmailLoginTestNG" name="gmail" time="152.369"/>
</testsuite> <!-- Gmail.GmailLoginTestNG -->
