<?xml version="1.0" encoding="UTF-8"?>
<!-- Generated by org.testng.reporters.JUnitReportReporter -->
<testsuite hostname="DESKTOP-9HJJ0FE" failures="0" tests="1" name="Bus.bus_terminal" time="76.337" errors="0" timestamp="2024-06-03T11:17:27 IST" skipped="0">
  <testcase classname="Bus.bus_terminal" name="bookBusTicket" time="76.337"/>
  <system-out/>
</testsuite> <!-- Bus.bus_terminal -->
