<?xml version="1.0" encoding="UTF-8"?>
<!-- Generated by org.testng.reporters.JUnitReportReporter -->
<testsuite hostname="DESKTOP-9HJJ0FE" failures="0" tests="1" name="Bus.bus_terminal" time="67.520" errors="0" timestamp="2024-06-04T02:12:44 IST" skipped="0">
  <testcase classname="Bus.bus_terminal" name="bookBusTicket" time="67.520"/>
  <system-out/>
</testsuite> <!-- Bus.bus_terminal -->
