<?xml version="1.0" encoding="UTF-8"?>
<!-- Generated by org.testng.reporters.JUnitReportReporter -->
<testsuite hostname="DESKTOP-9HJJ0FE" failures="0" tests="1" name="CURA.Runner" time="6.718" errors="0" timestamp="2024-06-04T01:47:04 IST" skipped="0">
  <testcase classname="CURA.Runner" name="health" time="6.718"/>
  <system-out/>
</testsuite> <!-- CURA.Runner -->
