<?xml version="1.0" encoding="UTF-8"?>
<!-- Generated by org.testng.reporters.JUnitReportReporter -->
<testsuite hostname="DESKTOP-9HJJ0FE" failures="0" tests="1" name="IRCTC.TrainBookingTest" time="63.730" errors="0" timestamp="01 Jun 2024 14:49:05 GMT" skipped="0">
  <testcase classname="IRCTC.TrainBookingTest" name="bookTrainTicket" time="63.730"/>
</testsuite> <!-- IRCTC.TrainBookingTest -->
